﻿Border#show run
Building configuration...

Current configuration : 7880 bytes
!
! Last configuration change at 23:58:11 UTC Sun Mar 8 2020 by NETCONF
!
version 16.12
no service pad
service timestamps debug datetime msec
service timestamps log datetime msec
service password-encryption
! Call-home is enabled by Smart-Licensing.
service call-home
platform qfp utilization monitor load 80
platform punt-keepalive disable-kernel-core
platform inspect match-statistics per-filter
platform console serial
!
hostname Border
!
boot-start-marker
boot-end-marker
!
!
vrf definition 65528
 !
 address-family ipv4
 exit-address-family
!
logging buffered 262144
no logging rate-limit
!
aaa new-model
!
!
aaa authentication login default local
aaa authorization exec default local 
!
!
!
!
!
aaa session-id common
call-home
 ! If contact email address in call-home is configured as sch-smart-licensing@cisco.com
 ! the email address configured in Cisco Smart License Portal will be used as contact email address to send SCH notifications.
 contact-email-addr sch-smart-licensing@cisco.com
 profile "CiscoTAC-1"
  active
  destination transport-method http
  no destination transport-method email
fhrp version vrrp v3
no ip source-route
!
!
!
!
!
!
!
no ip dhcp use class
!
!
!
no ip igmp ssm-map query dns
login on-success log
ipv6 unicast-routing
!
!
!         
!
!
!
!
subscriber templating
! 
! 
! 
! 
!
!
multilink bundle-name authenticated
!
!
!
!
!
!
!
!
!
!
!         
!
!
!
!
crypto pki trustpoint TP-self-signed-1557115141
 enrollment selfsigned
 subject-name cn=IOS-Self-Signed-Certificate-1557115141
 revocation-check none
 rsakeypair TP-self-signed-1557115141
!
crypto pki trustpoint SLA-TrustPoint
 enrollment pkcs12
 revocation-check crl
!
!
crypto pki certificate chain TP-self-signed-1557115141
 certificate self-signed 01
  30820330 30820218 A0030201 02020101 300D0609 2A864886 F70D0101 05050030 
  31312F30 2D060355 04031326 494F532D 53656C66 2D536967 6E65642D 43657274 
  69666963 6174652D 31353537 31313531 3431301E 170D3230 30333038 32333233 
  30325A17 0D333030 31303130 30303030 305A3031 312F302D 06035504 03132649 
  4F532D53 656C662D 5369676E 65642D43 65727469 66696361 74652D31 35353731 
  31353134 31308201 22300D06 092A8648 86F70D01 01010500 0382010F 00308201 
  0A028201 0100A01C E7BF0595 8F919FAE DB6E116B 217A0D2D 8C660402 76A8B9C1 
  A689A467 ED2EF991 0769F597 C16B3079 4B041F1B 6749DD6A A2F7B728 8B9B4006 
  B1467455 7317C413 AE1A91E3 E15D2042 8A25013C A1FF2D7D F8A35340 6E9A949D 
  2B05B16B 8935B647 131C2D9E 84838E11 B8DFE9C4 920A2526 9702B112 5A229A54 
  A0870971 EF67A826 7EF76584 94A8150E AFB87254 60D9C33F 0B914130 2D4CB4F9 
  0C713B8E 7E9C487F FD72B9C1 45F6EDAD 289D1496 7BC529B6 388151D9 9C33F97F 
  F59699DC 2B89B85B 21AA8830 07328390 874D958E 7F52B1D6 53F053AD 899B05F2 
  24EAC0E6 45CED73B C62A6D8F 1486C32E 47A56921 4B04C40F A2C2447A FECC1F71 
  6FF80AEA A3210203 010001A3 53305130 0F060355 1D130101 FF040530 030101FF 
  301F0603 551D2304 18301680 1455C45C 53220B8E 133F3530 B5CC0B43 562EFAF7 
  83301D06 03551D0E 04160414 55C45C53 220B8E13 3F3530B5 CC0B4356 2EFAF783 
  300D0609 2A864886 F70D0101 05050003 82010100 9209DAB7 81DDEF7E 3D1C8762 
  8C468FB1 A6511D8D 152BAE50 BB0C67C9 681E71AD 7AB8B26E D8B2B639 96E10F04 
  39838142 063F1AF0 489FEDD8 DFB90CAD 4B9CCE66 57886D7C FF1BD7A9 F94CBDE3 
  FA08DD4D C87774BC 0A898D37 4AEF3EA4 8A531006 916D39D4 89421912 B056C523 
  4DDC0525 5C015DA6 48212639 92C993BC 6201BA02 409064CF 007D8E8D ABA7B6FB 
  4C1CFAE9 FC58447B 8FB13EDE 907303D2 D8208EC8 594461A7 2A7248BF 67BFBDA7 
  78C40777 6D88FF82 F4F5D506 6B544261 EC5824BA BFADC8B8 9C004E8F 8C1D17DB 
  F7D98F00 39AE746A FDA13472 2B8B3B19 BEE5F98D 30F09FA5 58242772 84C05576 
  4272FB94 68D46CCB 1F43B0A9 4423C7B9 9012C4F2
        quit
crypto pki certificate chain SLA-TrustPoint
 certificate ca 01
  30820321 30820209 A0030201 02020101 300D0609 2A864886 F70D0101 0B050030 
  32310E30 0C060355 040A1305 43697363 6F312030 1E060355 04031317 43697363 
  6F204C69 63656E73 696E6720 526F6F74 20434130 1E170D31 33303533 30313934 
  3834375A 170D3338 30353330 31393438 34375A30 32310E30 0C060355 040A1305 
  43697363 6F312030 1E060355 04031317 43697363 6F204C69 63656E73 696E6720 
  526F6F74 20434130 82012230 0D06092A 864886F7 0D010101 05000382 010F0030 
  82010A02 82010100 A6BCBD96 131E05F7 145EA72C 2CD686E6 17222EA1 F1EFF64D 
  CBB4C798 212AA147 C655D8D7 9471380D 8711441E 1AAF071A 9CAE6388 8A38E520 
  1C394D78 462EF239 C659F715 B98C0A59 5BBB5CBD 0CFEBEA3 700A8BF7 D8F256EE 
  4AA4E80D DB6FD1C9 60B1FD18 FFC69C96 6FA68957 A2617DE7 104FDC5F EA2956AC 
  7390A3EB 2B5436AD C847A2C5 DAB553EB 69A9A535 58E9F3E3 C0BD23CF 58BD7188 
  68E69491 20F320E7 948E71D7 AE3BCC84 F10684C7 4BC8E00F 539BA42B 42C68BB7 
  C7479096 B4CB2D62 EA2F505D C7B062A4 6811D95B E8250FC4 5D5D5FB8 8F27D191 
  C55F0D76 61F9A4CD 3D992327 A8BB03BD 4E6D7069 7CBADF8B DF5F4368 95135E44 
  DFC7C6CF 04DD7FD1 02030100 01A34230 40300E06 03551D0F 0101FF04 04030201 
  06300F06 03551D13 0101FF04 05300301 01FF301D 0603551D 0E041604 1449DC85 
  4B3D31E5 1B3E6A17 606AF333 3D3B4C73 E8300D06 092A8648 86F70D01 010B0500 
  03820101 00507F24 D3932A66 86025D9F E838AE5C 6D4DF6B0 49631C78 240DA905 
  604EDCDE FF4FED2B 77FC460E CD636FDB DD44681E 3A5673AB 9093D3B1 6C9E3D8B 
  D98987BF E40CBD9E 1AECA0C2 2189BB5C 8FA85686 CD98B646 5575B146 8DFC66A8 
  467A3DF4 4D565700 6ADF0F0D CF835015 3C04FF7C 21E878AC 11BA9CD2 55A9232C 
  7CA7B7E6 C1AF74F6 152E99B7 B1FCF9BB E973DE7F 5BDDEB86 C71E3B49 1765308B 
  5FB0DA06 B92AFE7F 494E8A9E 07B85737 F3A58BE1 1A48A229 C37C1E69 39F08678 
  80DDCD16 D6BACECA EEBC7CF9 8428787B 35202CDC 60E4616A B623CDBD 230E3AFB 
  418616A9 4093E049 4D10AB75 27E86F73 932E35B5 8862FDAE 0275156F 719BB2F0 
  D697DF7F 28
        quit
!
license udi pid CSR1000V sn 90M7MG6AM8U
diagnostic bootup level minimal
memory free low-watermark processor 72355
!
!
spanning-tree extend system-id
!
username admin privilege 15 secret 9 $14$qcDW$PEgX5sp7lSa7r.$0jdEZ2JUo9XH0PtRUYkHJN.8Y4lA3yR.2p9aS.sWB.E
!
redundancy
!
!
!
no crypto ikev2 diagnose error
!
!
cdp run   
!
! 
!
!
!
!
!
!
!
!
!
!
!
!
! 
! 
!
!
interface Loopback65528
 vrf forwarding 65528
 ip address 192.168.1.1 255.255.255.255
!
interface GigabitEthernet1
 ip address 10.10.0.254 255.255.255.0
 negotiation auto
 no mop enabled
 no mop sysid
!
interface GigabitEthernet2
 ip address 10.99.0.254 255.255.255.0
 negotiation auto
 no mop enabled
 no mop sysid
!
interface GigabitEthernet3
 ip address 192.168.86.215 255.255.255.0
 negotiation auto
 no mop enabled
 no mop sysid
!
interface GigabitEthernet4
 no ip address
 negotiation auto
 no mop enabled
 no mop sysid
!         
interface GigabitEthernet5
 no ip address
 negotiation auto
 no mop enabled
 no mop sysid
!
interface GigabitEthernet6
 no ip address
 negotiation auto
 no mop enabled
 no mop sysid
!
interface GigabitEthernet7
 no ip address
 negotiation auto
 no mop enabled
 no mop sysid
!
interface GigabitEthernet8
 no ip address
 negotiation auto
 no mop enabled
 no mop sysid
!
ip forward-protocol nd
no ip http server
ip http secure-server
!
ip nat route vrf 65528 0.0.0.0 0.0.0.0 global
no ip nat service skinny tcp port 2000
no ip nat service sip tcp port 5060
no ip nat service sip udp port 5060
no ip nat service H225
no ip nat service ras
no ip nat service rtsp udp
no ip nat service rtsp tcp
no ip nat service dns tcp
no ip nat service dns udp
no ip nat service netbios-ns tcp
no ip nat service netbios-ns udp
no ip nat service netbios-ssn
no ip nat service netbios-dgm
no ip nat service ldap
no ip nat service sunrpc udp
no ip nat service sunrpc tcp
no ip nat service msrpc tcp
no ip nat service tftp
no ip nat service rcmd
no ip nat service pptp
no ip nat service ftp
no ip nat service gatekeeper
no ip nat service dns-reset-ttl
ip ssh version 2
ip scp server enable
!
!
!
!
!
!
!
!
!
control-plane
!
!
!
!
!         
!
line con 0
 stopbits 1
line vty 0 4
 transport input ssh
line vty 5 80
 transport input ssh
!
!
!
!
!
!
netconf-yang
netconf-yang feature candidate-datastore
end

