﻿vBond# show run
system
 host-name               vBond
 system-ip               10.100.100.3
 site-id                 100
 admin-tech-on-failure
 no route-consistency-check
 organization-name       "cloudkod sdwan"
 clock timezone Europe/Bucharest
 vbond 10.10.0.3 local
 aaa
  auth-order local radius tacacs
  usergroup basic
   task system read write
   task interface read write
  !
  usergroup netadmin
  !
  usergroup operator
   task system read
   task interface read
   task policy read
   task routing read
   task security read
  !
  usergroup tenantadmin
  !
  user admin
   password $6$dRmN8DcPkwNAu7b7$oUvREyZiFPWqa/yYuD/0xVKdduImBD0kpzi7/j6SU2vFmMGmGcpRfBGhh7YUTn2PVJcaXDmrM1fv2/n4cUrv0/
  !
 !
 logging
  disk
   enable
  !
 !
 ntp
  server 0.pool.ntp.org
   version 4
  exit
 !
!
omp
 no shutdown
 graceful-restart
 advertise connected
 advertise static
!
security
 ipsec
  authentication-type ah-sha1-hmac sha1-hmac
 !
!
vpn 0
 interface ge0/0
  ip address 10.10.0.3/24
  ipv6 dhcp-client
  tunnel-interface
   encapsulation ipsec
   no allow-service bgp
   allow-service dhcp
   allow-service dns
   allow-service icmp
   allow-service sshd
   allow-service netconf
   allow-service ntp
   allow-service ospf
   allow-service stun
   allow-service https
  !
  no shutdown
 !
 ip route 0.0.0.0/0 10.10.0.254
!
vpn 512
 interface eth0
  ip address 192.168.86.163/24
  ipv6 dhcp-client
  no shutdown
 !
 ip route 0.0.0.0/0 192.168.86.1
!
